#
# A fatal error has been detected by the Java Runtime Environment:
#
#  EXCEPTION_ACCESS_VIOLATION (0xc0000005) at pc=0x000000007110b5db, pid=9144, tid=14128
#
# JRE version: Java(TM) SE Runtime Environment (11.0.1+13) (build 11.0.1+13-LTS)
# Java VM: Java HotSpot(TM) 64-Bit Server VM (11.0.1+13-LTS, mixed mode, tiered, compressed oops, g1 gc, windows-amd64)
# Problematic frame:
# C  [jSSC-2.8_x86_64.dll+0xb5db]
#
# No core dump will be written. Minidumps are not enabled by default on client versions of Windows
#
# If you would like to submit a bug report, please visit:
#   http://bugreport.java.com/bugreport/crash.jsp
# The crash happened outside the Java Virtual Machine in native code.
# See problematic frame for where to report the bug.
#

---------------  S U M M A R Y ------------

Command Line: C:\Users\lab\Desktop\Analizator parametrów sieci\UserInterface-EMx-v1.4\UserInterface-EMx-v1.4.jar

Host: AMD Ryzen 7 2700X Eight-Core Processor         , 16 cores, 31G,  Windows 10 , 64 bit Build 17763 (10.0.17763.475)
Time: Fri Jan 17 14:28:19 2020 Central European Standard Time elapsed time: 14 seconds (0d 0h 0m 14s)

---------------  T H R E A D  ---------------

Current thread (0x000001e964073800):  JavaThread "AWT-EventQueue-0" [_thread_in_native, id=14128, stack(0x0000002bcb400000,0x0000002bcb500000)]

Stack: [0x0000002bcb400000,0x0000002bcb500000],  sp=0x0000002bcb4fa7d0,  free space=1001k
Native frames: (J=compiled Java code, j=interpreted, Vv=VM code, C=native code)
C  [jSSC-2.8_x86_64.dll+0xb5db]

Java frames: (J=compiled Java code, j=interpreted, Vv=VM code)
j  jssc.SerialNativeInterface.openPort(Ljava/lang/String;Z)J+0
j  jssc.SerialPort.openPort()Z+65
j  com.intelligt.modbus.jlibmodbus.serial.SerialPortJSSC.open()V+4
j  com.intelligt.modbus.jlibmodbus.net.ModbusConnectionSerial.openImpl()V+11
j  com.intelligt.modbus.jlibmodbus.net.ModbusConnection.open()V+1
j  com.intelligt.modbus.jlibmodbus.master.ModbusMaster.connectImpl()V+4
j  com.intelligt.modbus.jlibmodbus.master.ModbusMaster.connect()V+8
j  modbus_rtu.setting()V+312
j  NewJFrame.jToggleButtonConnectionRTUActionPerformed(Ljava/awt/event/ActionEvent;)V+172
j  NewJFrame.access$7200(LNewJFrame;Ljava/awt/event/ActionEvent;)V+2
j  NewJFrame$74.actionPerformed(Ljava/awt/event/ActionEvent;)V+5
j  javax.swing.AbstractButton.fireActionPerformed(Ljava/awt/event/ActionEvent;)V+83 java.desktop@11.0.1
j  javax.swing.AbstractButton$Handler.actionPerformed(Ljava/awt/event/ActionEvent;)V+5 java.desktop@11.0.1
j  javax.swing.DefaultButtonModel.fireActionPerformed(Ljava/awt/event/ActionEvent;)V+34 java.desktop@11.0.1
j  javax.swing.JToggleButton$ToggleButtonModel.setPressed(Z)V+148 java.desktop@11.0.1
j  javax.swing.plaf.basic.BasicButtonListener.mouseReleased(Ljava/awt/event/MouseEvent;)V+35 java.desktop@11.0.1
j  java.awt.Component.processMouseEvent(Ljava/awt/event/MouseEvent;)V+64 java.desktop@11.0.1
j  javax.swing.JComponent.processMouseEvent(Ljava/awt/event/MouseEvent;)V+23 java.desktop@11.0.1
J 3542 c1 java.awt.Component.processEvent(Ljava/awt/AWTEvent;)V java.desktop@11.0.1 (220 bytes) @ 0x000001e93e3c38f4 [0x000001e93e3c32a0+0x0000000000000654]
J 3491 c1 java.awt.Container.processEvent(Ljava/awt/AWTEvent;)V java.desktop@11.0.1 (22 bytes) @ 0x000001e93e39eedc [0x000001e93e39eb80+0x000000000000035c]
J 3539 c1 java.awt.Component.dispatchEventImpl(Ljava/awt/AWTEvent;)V java.desktop@11.0.1 (777 bytes) @ 0x000001e93e3bddc4 [0x000001e93e3b9dc0+0x0000000000004004]
J 3473 c1 java.awt.Container.dispatchEventImpl(Ljava/awt/AWTEvent;)V java.desktop@11.0.1 (129 bytes) @ 0x000001e93e37c69c [0x000001e93e37c560+0x000000000000013c]
J 3549 c1 java.awt.LightweightDispatcher.retargetMouseEvent(Ljava/awt/Component;ILjava/awt/event/MouseEvent;)V java.desktop@11.0.1 (372 bytes) @ 0x000001e93e3cf2cc [0x000001e93e3ccca0+0x000000000000262c]
J 3581 c1 java.awt.LightweightDispatcher.processMouseEvent(Ljava/awt/event/MouseEvent;)Z java.desktop@11.0.1 (265 bytes) @ 0x000001e93e3e64cc [0x000001e93e3e5460+0x000000000000106c]
J 3616 c1 java.awt.LightweightDispatcher.dispatchEvent(Ljava/awt/AWTEvent;)Z java.desktop@11.0.1 (73 bytes) @ 0x000001e93e3fca8c [0x000001e93e3fc620+0x000000000000046c]
J 3473 c1 java.awt.Container.dispatchEventImpl(Ljava/awt/AWTEvent;)V java.desktop@11.0.1 (129 bytes) @ 0x000001e93e37c63c [0x000001e93e37c560+0x00000000000000dc]
J 3567 c1 java.awt.Window.dispatchEventImpl(Ljava/awt/AWTEvent;)V java.desktop@11.0.1 (23 bytes) @ 0x000001e93e3dc74c [0x000001e93e3dc120+0x000000000000062c]
J 2820 c1 java.awt.EventQueue.dispatchEventImpl(Ljava/awt/AWTEvent;Ljava/lang/Object;)V java.desktop@11.0.1 (136 bytes) @ 0x000001e93e22082c [0x000001e93e220340+0x00000000000004ec]
J 2819 c1 java.awt.EventQueue$4.run()Ljava/lang/Void; java.desktop@11.0.1 (60 bytes) @ 0x000001e93e21abc4 [0x000001e93e21aa80+0x0000000000000144]
J 2818 c1 java.awt.EventQueue$4.run()Ljava/lang/Object; java.desktop@11.0.1 (5 bytes) @ 0x000001e93e21a6c4 [0x000001e93e21a640+0x0000000000000084]
v  ~StubRoutines::call_stub
J 2788  java.security.AccessController.doPrivileged(Ljava/security/PrivilegedAction;Ljava/security/AccessControlContext;)Ljava/lang/Object; java.base@11.0.1 (0 bytes) @ 0x000001e9450eef36 [0x000001e9450eeec0+0x0000000000000076]
J 3499 c1 java.awt.EventQueue$5.run()Ljava/lang/Object; java.desktop@11.0.1 (5 bytes) @ 0x000001e93e3a1b3c [0x000001e93e3a17e0+0x000000000000035c]
v  ~StubRoutines::call_stub
J 2788  java.security.AccessController.doPrivileged(Ljava/security/PrivilegedAction;Ljava/security/AccessControlContext;)Ljava/lang/Object; java.base@11.0.1 (0 bytes) @ 0x000001e9450eef36 [0x000001e9450eeec0+0x0000000000000076]
J 2798 c1 java.awt.EventQueue.dispatchEvent(Ljava/awt/AWTEvent;)V java.desktop@11.0.1 (80 bytes) @ 0x000001e93e216b5c [0x000001e93e216020+0x0000000000000b3c]
J 2792 c1 java.awt.EventDispatchThread.pumpOneEventForFilters(I)V java.desktop@11.0.1 (113 bytes) @ 0x000001e93e20ccfc [0x000001e93e20c5a0+0x000000000000075c]
j  java.awt.EventDispatchThread.pumpEventsForFilter(ILjava/awt/Conditional;Ljava/awt/EventFilter;)V+35 java.desktop@11.0.1
j  java.awt.EventDispatchThread.pumpEventsForHierarchy(ILjava/awt/Conditional;Ljava/awt/Component;)V+11 java.desktop@11.0.1
j  java.awt.EventDispatchThread.pumpEvents(ILjava/awt/Conditional;)V+4 java.desktop@11.0.1
j  java.awt.EventDispatchThread.pumpEvents(Ljava/awt/Conditional;)V+3 java.desktop@11.0.1
j  java.awt.EventDispatchThread.run()V+9 java.desktop@11.0.1
v  ~StubRoutines::call_stub

siginfo: EXCEPTION_ACCESS_VIOLATION (0xc0000005), reading address 0x000000006779c1f9


Register to memory mapping:

RIP=0x000000007110b5db jSSC-2.8_x86_64.dll
RAX=0x000000006779c1f9 is an unknown value
RBX=0x0000002bcb4fa840 is pointing into the stack for thread: 0x000001e964073800
RCX=0x00007ffe0915f944 ntdll.dll
RDX=0x0 is NULL
RSP=0x0000002bcb4fa7d0 is pointing into the stack for thread: 0x000001e964073800
RBP=0x0000002bcb4fa950 is pointing into the stack for thread: 0x000001e964073800
RSI=0x000001e964073b40 points into unknown readable memory
RDI=0x00000000000005b0 is an unknown value
R8 =0x0000002bcb4fa6c8 is pointing into the stack for thread: 0x000001e964073800
R9 =0x0000002bcb4fa7c0 is pointing into the stack for thread: 0x000001e964073800
R10=0x0 is NULL
R11=0x0000000000000246 is an unknown value
R12=0x0000002bcb4faa10 is pointing into the stack for thread: 0x000001e964073800
R13=0x000001e971f12670 points into unknown readable memory
R14=0x0000002bcb4fa900 is pointing into the stack for thread: 0x000001e964073800
R15=0x000001e964073800 is a thread


Registers:
RAX=0x000000006779c1f9, RBX=0x0000002bcb4fa840, RCX=0x00007ffe0915f944, RDX=0x0000000000000000
RSP=0x0000002bcb4fa7d0, RBP=0x0000002bcb4fa950, RSI=0x000001e964073b40, RDI=0x00000000000005b0
R8 =0x0000002bcb4fa6c8, R9 =0x0000002bcb4fa7c0, R10=0x0000000000000000, R11=0x0000000000000246
R12=0x0000002bcb4faa10, R13=0x000001e971f12670, R14=0x0000002bcb4fa900, R15=0x000001e964073800
RIP=0x000000007110b5db, EFLAGS=0x0000000000010206

Top of Stack: (sp=0x0000002bcb4fa7d0)
0x0000002bcb4fa7d0:   0000002bcb4fa7f8 0000002b00000000
0x0000002bcb4fa7e0:   000000007110b230 00007ffe090d267d
0x0000002bcb4fa7f0:   0000002bcb4faa10 0000000000000004
0x0000002bcb4fa800:   000001e964073b40 00000000000005b0
0x0000002bcb4fa810:   0000002bcb4fa950 0000000071112590
0x0000002bcb4fa820:   0000002bcb4fa880 0000002b00000000
0x0000002bcb4fa830:   00000000c0000000 0000000000000000
0x0000002bcb4fa840:   00000000000005b0 00007ffe053ae25c
0x0000002bcb4fa850:   0000002bcb4fa900 000001e971f12670
0x0000002bcb4fa860:   0000002bcb4faa10 00000000000005b0
0x0000002bcb4fa870:   0000000071113500 0000000071113be8
0x0000002bcb4fa880:   0000002bcb4fa8b0 0000000071112641
0x0000002bcb4fa890:   0000002bcb4fa820 0000000000000000
0x0000002bcb4fa8a0:   0000000000000000 0000000000000000
0x0000002bcb4fa8b0:   0000002bcb4fa950 0000000071101595
0x0000002bcb4fa8c0:   000000000000001c 000001e900000000 

Instructions: (pc=0x000000007110b5db)
0x000000007110b5bb:   c5 0f 1f 40 00 55 57 56 53 48 83 ec 28 48 8b 05
0x000000007110b5cb:   39 33 01 00 48 89 cb 48 85 c0 0f 84 c5 00 00 00
0x000000007110b5db:   8b 38 85 ff 0f 88 ab 00 00 00 48 8b 05 1c 33 01
0x000000007110b5eb:   00 48 85 c0 0f 84 bc 00 00 00 8b 30 85 f6 74 57 



---------------  P R O C E S S  ---------------

Threads class SMR info:
_java_thread_list=0x000001e9702727d0, length=19, elements={
0x000001e9636fe000, 0x000001e963728000, 0x000001e96377a800, 0x000001e96377b800,
0x000001e963780800, 0x000001e963787000, 0x000001e963793000, 0x000001e963901000,
0x000001e963907800, 0x000001e963e77800, 0x000001e963e78800, 0x000001e963e45800,
0x000001e963e5e000, 0x000001e964073800, 0x000001e935128000, 0x000001e967107800,
0x000001e971dad000, 0x000001e963e20000, 0x000001e971a62800
}

Java Threads: ( => current thread )
  0x000001e9636fe000 JavaThread "Reference Handler" daemon [_thread_blocked, id=5992, stack(0x0000002bca000000,0x0000002bca100000)]
  0x000001e963728000 JavaThread "Finalizer" daemon [_thread_blocked, id=13432, stack(0x0000002bca100000,0x0000002bca200000)]
  0x000001e96377a800 JavaThread "Signal Dispatcher" daemon [_thread_blocked, id=7624, stack(0x0000002bca200000,0x0000002bca300000)]
  0x000001e96377b800 JavaThread "Attach Listener" daemon [_thread_blocked, id=3656, stack(0x0000002bca300000,0x0000002bca400000)]
  0x000001e963780800 JavaThread "C2 CompilerThread0" daemon [_thread_blocked, id=6892, stack(0x0000002bca400000,0x0000002bca500000)]
  0x000001e963787000 JavaThread "C1 CompilerThread0" daemon [_thread_blocked, id=4948, stack(0x0000002bca500000,0x0000002bca600000)]
  0x000001e963793000 JavaThread "Sweeper thread" daemon [_thread_blocked, id=4800, stack(0x0000002bca600000,0x0000002bca700000)]
  0x000001e963901000 JavaThread "Service Thread" daemon [_thread_blocked, id=2652, stack(0x0000002bca700000,0x0000002bca800000)]
  0x000001e963907800 JavaThread "Common-Cleaner" daemon [_thread_blocked, id=6496, stack(0x0000002bca900000,0x0000002bcaa00000)]
  0x000001e963e77800 JavaThread "Java2D Disposer" daemon [_thread_blocked, id=10728, stack(0x0000002bcac00000,0x0000002bcad00000)]
  0x000001e963e78800 JavaThread "AWT-Shutdown" [_thread_blocked, id=868, stack(0x0000002bcad00000,0x0000002bcae00000)]
  0x000001e963e45800 JavaThread "AWT-Windows" daemon [_thread_in_native, id=5680, stack(0x0000002bcae00000,0x0000002bcaf00000)]
  0x000001e963e5e000 JavaThread "Timer-0" [_thread_blocked, id=9208, stack(0x0000002bcb100000,0x0000002bcb200000)]
=>0x000001e964073800 JavaThread "AWT-EventQueue-0" [_thread_in_native, id=14128, stack(0x0000002bcb400000,0x0000002bcb500000)]
  0x000001e935128000 JavaThread "DestroyJavaVM" [_thread_blocked, id=7172, stack(0x0000002bc9900000,0x0000002bc9a00000)]
  0x000001e967107800 JavaThread "TimerQueue" daemon [_thread_blocked, id=8932, stack(0x0000002bcb810000,0x0000002bcb910000)]
  0x000001e971dad000 JavaThread "D3D Screen Updater" daemon [_thread_blocked, id=3112, stack(0x0000002bccb10000,0x0000002bccc10000)]
  0x000001e963e20000 JavaThread "Timer-3" [_thread_blocked, id=13556, stack(0x0000002bcab00000,0x0000002bcac00000)]
  0x000001e971a62800 JavaThread "Timer-4" [_thread_blocked, id=13472, stack(0x0000002bcaf00000,0x0000002bcb000000)]

Other Threads:
  0x000001e9636fc000 VMThread "VM Thread" [stack: 0x0000002bc9f00000,0x0000002bca000000] [id=900]
  0x000001e963906000 WatcherThread [stack: 0x0000002bca800000,0x0000002bca900000] [id=3092]
  0x000001e93513d000 GCTaskThread "GC Thread#0" [stack: 0x0000002bc9a00000,0x0000002bc9b00000] [id=8720]
  0x000001e971747800 GCTaskThread "GC Thread#1" [stack: 0x0000002bcbd10000,0x0000002bcbe10000] [id=13080]
  0x000001e970c73800 GCTaskThread "GC Thread#2" [stack: 0x0000002bcbe10000,0x0000002bcbf10000] [id=3792]
  0x000001e970c74800 GCTaskThread "GC Thread#3" [stack: 0x0000002bcbf10000,0x0000002bcc010000] [id=8572]
  0x000001e971947800 GCTaskThread "GC Thread#4" [stack: 0x0000002bcc010000,0x0000002bcc110000] [id=8108]
  0x000001e971948000 GCTaskThread "GC Thread#5" [stack: 0x0000002bcc110000,0x0000002bcc210000] [id=7144]
  0x000001e970247800 GCTaskThread "GC Thread#6" [stack: 0x0000002bcc210000,0x0000002bcc310000] [id=5940]
  0x000001e970248000 GCTaskThread "GC Thread#7" [stack: 0x0000002bcc310000,0x0000002bcc410000] [id=7880]
  0x000001e970665800 GCTaskThread "GC Thread#8" [stack: 0x0000002bcc410000,0x0000002bcc510000] [id=6452]
  0x000001e970e99800 GCTaskThread "GC Thread#9" [stack: 0x0000002bcc510000,0x0000002bcc610000] [id=13700]
  0x000001e970663800 GCTaskThread "GC Thread#10" [stack: 0x0000002bcc610000,0x0000002bcc710000] [id=9936]
  0x000001e970661800 GCTaskThread "GC Thread#11" [stack: 0x0000002bcc710000,0x0000002bcc810000] [id=5988]
  0x000001e9351be800 ConcurrentGCThread "G1 Main Marker" [stack: 0x0000002bc9b00000,0x0000002bc9c00000] [id=13972]
  0x000001e9351c0800 ConcurrentGCThread "G1 Conc#0" [stack: 0x0000002bc9c00000,0x0000002bc9d00000] [id=752]
  0x000001e97065f000 ConcurrentGCThread "G1 Conc#1" [stack: 0x0000002bccc10000,0x0000002bccd10000] [id=1100]
  0x000001e97065e800 ConcurrentGCThread "G1 Conc#2" [stack: 0x0000002bccd10000,0x0000002bcce10000] [id=4732]
  0x000001e962d5d000 ConcurrentGCThread "G1 Refine#0" [stack: 0x0000002bc9d00000,0x0000002bc9e00000] [id=6040]
  0x000001e9710c9800 ConcurrentGCThread "G1 Refine#1" [stack: 0x0000002bcc810000,0x0000002bcc910000] [id=13508]
  0x000001e9703cf000 ConcurrentGCThread "G1 Refine#2" [stack: 0x0000002bcc910000,0x0000002bcca10000] [id=10064]
  0x000001e9716d2000 ConcurrentGCThread "G1 Refine#3" [stack: 0x0000002bcca10000,0x0000002bccb10000] [id=13604]
  0x000001e962d5f000 ConcurrentGCThread "G1 Young RemSet Sampling" [stack: 0x0000002bc9e00000,0x0000002bc9f00000] [id=9448]

Threads with active compile tasks:

VM state:not at safepoint (normal execution)

VM Mutex/Monitor currently owned by a thread: None

Heap address: 0x0000000601000000, size: 8176 MB, Compressed Oops mode: Zero based, Oop shift amount: 3
Narrow klass base: 0x0000000800000000, Narrow klass shift: 0
Compressed class space size: 1073741824 Address: 0x0000000800000000

Heap:
 garbage-first heap   total 524288K, used 25864K [0x0000000601000000, 0x0000000800000000)
  region size 2048K, 11 young (22528K), 1 survivors (2048K)
 Metaspace       used 22596K, capacity 23053K, committed 23168K, reserved 1069056K
  class space    used 2396K, capacity 2599K, committed 2688K, reserved 1048576K
Heap Regions: E=young(eden), S=young(survivor), O=old, HS=humongous(starts), HC=humongous(continues), CS=collection set, F=free, A=archive, TAMS=top-at-mark-start (previous, next)
|   0|0x0000000601000000, 0x0000000601200000, 0x0000000601200000|100%| O|  |TAMS 0x0000000601200000, 0x0000000601000000| Untracked 
|   1|0x0000000601200000, 0x0000000601400000, 0x0000000601400000|100%| O|  |TAMS 0x0000000601400000, 0x0000000601200000| Untracked 
|   2|0x0000000601400000, 0x0000000601600000, 0x0000000601600000|100%| O|  |TAMS 0x0000000601600000, 0x0000000601400000| Untracked 
|   3|0x0000000601600000, 0x000000060168b800, 0x0000000601800000| 27%| O|  |TAMS 0x000000060168b800, 0x0000000601600000| Untracked 
|   4|0x0000000601800000, 0x0000000601800000, 0x0000000601a00000|  0%| F|  |TAMS 0x0000000601800000, 0x0000000601800000| Untracked 
|   5|0x0000000601a00000, 0x0000000601a00000, 0x0000000601c00000|  0%| F|  |TAMS 0x0000000601a00000, 0x0000000601a00000| Untracked 
|   6|0x0000000601c00000, 0x0000000601c00000, 0x0000000601e00000|  0%| F|  |TAMS 0x0000000601c00000, 0x0000000601c00000| Untracked 
|   7|0x0000000601e00000, 0x0000000601e00000, 0x0000000602000000|  0%| F|  |TAMS 0x0000000601e00000, 0x0000000601e00000| Untracked 
|   8|0x0000000602000000, 0x0000000602000000, 0x0000000602200000|  0%| F|  |TAMS 0x0000000602000000, 0x0000000602000000| Untracked 
|   9|0x0000000602200000, 0x0000000602200000, 0x0000000602400000|  0%| F|  |TAMS 0x0000000602200000, 0x0000000602200000| Untracked 
|  10|0x0000000602400000, 0x0000000602400000, 0x0000000602600000|  0%| F|  |TAMS 0x0000000602400000, 0x0000000602400000| Untracked 
|  11|0x0000000602600000, 0x0000000602600000, 0x0000000602800000|  0%| F|  |TAMS 0x0000000602600000, 0x0000000602600000| Untracked 
|  12|0x0000000602800000, 0x0000000602800000, 0x0000000602a00000|  0%| F|  |TAMS 0x0000000602800000, 0x0000000602800000| Untracked 
|  13|0x0000000602a00000, 0x0000000602a00000, 0x0000000602c00000|  0%| F|  |TAMS 0x0000000602a00000, 0x0000000602a00000| Untracked 
|  14|0x0000000602c00000, 0x0000000602c00000, 0x0000000602e00000|  0%| F|  |TAMS 0x0000000602c00000, 0x0000000602c00000| Untracked 
|  15|0x0000000602e00000, 0x0000000602e00000, 0x0000000603000000|  0%| F|  |TAMS 0x0000000602e00000, 0x0000000602e00000| Untracked 
|  16|0x0000000603000000, 0x0000000603000000, 0x0000000603200000|  0%| F|  |TAMS 0x0000000603000000, 0x0000000603000000| Untracked 
|  17|0x0000000603200000, 0x0000000603200000, 0x0000000603400000|  0%| F|  |TAMS 0x0000000603200000, 0x0000000603200000| Untracked 
|  18|0x0000000603400000, 0x0000000603400000, 0x0000000603600000|  0%| F|  |TAMS 0x0000000603400000, 0x0000000603400000| Untracked 
|  19|0x0000000603600000, 0x0000000603600000, 0x0000000603800000|  0%| F|  |TAMS 0x0000000603600000, 0x0000000603600000| Untracked 
|  20|0x0000000603800000, 0x0000000603800000, 0x0000000603a00000|  0%| F|  |TAMS 0x0000000603800000, 0x0000000603800000| Untracked 
|  21|0x0000000603a00000, 0x0000000603a00000, 0x0000000603c00000|  0%| F|  |TAMS 0x0000000603a00000, 0x0000000603a00000| Untracked 
|  22|0x0000000603c00000, 0x0000000603c00000, 0x0000000603e00000|  0%| F|  |TAMS 0x0000000603c00000, 0x0000000603c00000| Untracked 
|  23|0x0000000603e00000, 0x0000000603e00000, 0x0000000604000000|  0%| F|  |TAMS 0x0000000603e00000, 0x0000000603e00000| Untracked 
|  24|0x0000000604000000, 0x0000000604000000, 0x0000000604200000|  0%| F|  |TAMS 0x0000000604000000, 0x0000000604000000| Untracked 
|  25|0x0000000604200000, 0x0000000604200000, 0x0000000604400000|  0%| F|  |TAMS 0x0000000604200000, 0x0000000604200000| Untracked 
|  26|0x0000000604400000, 0x0000000604400000, 0x0000000604600000|  0%| F|  |TAMS 0x0000000604400000, 0x0000000604400000| Untracked 
|  27|0x0000000604600000, 0x0000000604600000, 0x0000000604800000|  0%| F|  |TAMS 0x0000000604600000, 0x0000000604600000| Untracked 
|  28|0x0000000604800000, 0x0000000604800000, 0x0000000604a00000|  0%| F|  |TAMS 0x0000000604800000, 0x0000000604800000| Untracked 
|  29|0x0000000604a00000, 0x0000000604a00000, 0x0000000604c00000|  0%| F|  |TAMS 0x0000000604a00000, 0x0000000604a00000| Untracked 
|  30|0x0000000604c00000, 0x0000000604c00000, 0x0000000604e00000|  0%| F|  |TAMS 0x0000000604c00000, 0x0000000604c00000| Untracked 
|  31|0x0000000604e00000, 0x0000000604e00000, 0x0000000605000000|  0%| F|  |TAMS 0x0000000604e00000, 0x0000000604e00000| Untracked 
|  32|0x0000000605000000, 0x0000000605000000, 0x0000000605200000|  0%| F|  |TAMS 0x0000000605000000, 0x0000000605000000| Untracked 
|  33|0x0000000605200000, 0x0000000605200000, 0x0000000605400000|  0%| F|  |TAMS 0x0000000605200000, 0x0000000605200000| Untracked 
|  34|0x0000000605400000, 0x0000000605400000, 0x0000000605600000|  0%| F|  |TAMS 0x0000000605400000, 0x0000000605400000| Untracked 
|  35|0x0000000605600000, 0x0000000605600000, 0x0000000605800000|  0%| F|  |TAMS 0x0000000605600000, 0x0000000605600000| Untracked 
|  36|0x0000000605800000, 0x0000000605800000, 0x0000000605a00000|  0%| F|  |TAMS 0x0000000605800000, 0x0000000605800000| Untracked 
|  37|0x0000000605a00000, 0x0000000605a00000, 0x0000000605c00000|  0%| F|  |TAMS 0x0000000605a00000, 0x0000000605a00000| Untracked 
|  38|0x0000000605c00000, 0x0000000605c00000, 0x0000000605e00000|  0%| F|  |TAMS 0x0000000605c00000, 0x0000000605c00000| Untracked 
|  39|0x0000000605e00000, 0x0000000605e00000, 0x0000000606000000|  0%| F|  |TAMS 0x0000000605e00000, 0x0000000605e00000| Untracked 
|  40|0x0000000606000000, 0x0000000606000000, 0x0000000606200000|  0%| F|  |TAMS 0x0000000606000000, 0x0000000606000000| Untracked 
|  41|0x0000000606200000, 0x0000000606200000, 0x0000000606400000|  0%| F|  |TAMS 0x0000000606200000, 0x0000000606200000| Untracked 
|  42|0x0000000606400000, 0x0000000606400000, 0x0000000606600000|  0%| F|  |TAMS 0x0000000606400000, 0x0000000606400000| Untracked 
|  43|0x0000000606600000, 0x0000000606600000, 0x0000000606800000|  0%| F|  |TAMS 0x0000000606600000, 0x0000000606600000| Untracked 
|  44|0x0000000606800000, 0x0000000606800000, 0x0000000606a00000|  0%| F|  |TAMS 0x0000000606800000, 0x0000000606800000| Untracked 
|  45|0x0000000606a00000, 0x0000000606a00000, 0x0000000606c00000|  0%| F|  |TAMS 0x0000000606a00000, 0x0000000606a00000| Untracked 
|  46|0x0000000606c00000, 0x0000000606c00000, 0x0000000606e00000|  0%| F|  |TAMS 0x0000000606c00000, 0x0000000606c00000| Untracked 
|  47|0x0000000606e00000, 0x0000000606e00000, 0x0000000607000000|  0%| F|  |TAMS 0x0000000606e00000, 0x0000000606e00000| Untracked 
|  48|0x0000000607000000, 0x0000000607000000, 0x0000000607200000|  0%| F|  |TAMS 0x0000000607000000, 0x0000000607000000| Untracked 
|  49|0x0000000607200000, 0x0000000607200000, 0x0000000607400000|  0%| F|  |TAMS 0x0000000607200000, 0x0000000607200000| Untracked 
|  50|0x0000000607400000, 0x0000000607400000, 0x0000000607600000|  0%| F|  |TAMS 0x0000000607400000, 0x0000000607400000| Untracked 
|  51|0x0000000607600000, 0x0000000607600000, 0x0000000607800000|  0%| F|  |TAMS 0x0000000607600000, 0x0000000607600000| Untracked 
|  52|0x0000000607800000, 0x0000000607800000, 0x0000000607a00000|  0%| F|  |TAMS 0x0000000607800000, 0x0000000607800000| Untracked 
|  53|0x0000000607a00000, 0x0000000607a00000, 0x0000000607c00000|  0%| F|  |TAMS 0x0000000607a00000, 0x0000000607a00000| Untracked 
|  54|0x0000000607c00000, 0x0000000607c00000, 0x0000000607e00000|  0%| F|  |TAMS 0x0000000607c00000, 0x0000000607c00000| Untracked 
|  55|0x0000000607e00000, 0x0000000607e00000, 0x0000000608000000|  0%| F|  |TAMS 0x0000000607e00000, 0x0000000607e00000| Untracked 
|  56|0x0000000608000000, 0x0000000608000000, 0x0000000608200000|  0%| F|  |TAMS 0x0000000608000000, 0x0000000608000000| Untracked 
|  57|0x0000000608200000, 0x0000000608200000, 0x0000000608400000|  0%| F|  |TAMS 0x0000000608200000, 0x0000000608200000| Untracked 
|  58|0x0000000608400000, 0x0000000608400000, 0x0000000608600000|  0%| F|  |TAMS 0x0000000608400000, 0x0000000608400000| Untracked 
|  59|0x0000000608600000, 0x0000000608600000, 0x0000000608800000|  0%| F|  |TAMS 0x0000000608600000, 0x0000000608600000| Untracked 
|  60|0x0000000608800000, 0x0000000608800000, 0x0000000608a00000|  0%| F|  |TAMS 0x0000000608800000, 0x0000000608800000| Untracked 
|  61|0x0000000608a00000, 0x0000000608a00000, 0x0000000608c00000|  0%| F|  |TAMS 0x0000000608a00000, 0x0000000608a00000| Untracked 
|  62|0x0000000608c00000, 0x0000000608c00000, 0x0000000608e00000|  0%| F|  |TAMS 0x0000000608c00000, 0x0000000608c00000| Untracked 
|  63|0x0000000608e00000, 0x0000000608e00000, 0x0000000609000000|  0%| F|  |TAMS 0x0000000608e00000, 0x0000000608e00000| Untracked 
|  64|0x0000000609000000, 0x0000000609000000, 0x0000000609200000|  0%| F|  |TAMS 0x0000000609000000, 0x0000000609000000| Untracked 
|  65|0x0000000609200000, 0x0000000609200000, 0x0000000609400000|  0%| F|  |TAMS 0x0000000609200000, 0x0000000609200000| Untracked 
|  66|0x0000000609400000, 0x0000000609400000, 0x0000000609600000|  0%| F|  |TAMS 0x0000000609400000, 0x0000000609400000| Untracked 
|  67|0x0000000609600000, 0x0000000609600000, 0x0000000609800000|  0%| F|  |TAMS 0x0000000609600000, 0x0000000609600000| Untracked 
|  68|0x0000000609800000, 0x0000000609800000, 0x0000000609a00000|  0%| F|  |TAMS 0x0000000609800000, 0x0000000609800000| Untracked 
|  69|0x0000000609a00000, 0x0000000609a00000, 0x0000000609c00000|  0%| F|  |TAMS 0x0000000609a00000, 0x0000000609a00000| Untracked 
|  70|0x0000000609c00000, 0x0000000609c00000, 0x0000000609e00000|  0%| F|  |TAMS 0x0000000609c00000, 0x0000000609c00000| Untracked 
|  71|0x0000000609e00000, 0x0000000609e00000, 0x000000060a000000|  0%| F|  |TAMS 0x0000000609e00000, 0x0000000609e00000| Untracked 
|  72|0x000000060a000000, 0x000000060a000000, 0x000000060a200000|  0%| F|  |TAMS 0x000000060a000000, 0x000000060a000000| Untracked 
|  73|0x000000060a200000, 0x000000060a200000, 0x000000060a400000|  0%| F|  |TAMS 0x000000060a200000, 0x000000060a200000| Untracked 
|  74|0x000000060a400000, 0x000000060a400000, 0x000000060a600000|  0%| F|  |TAMS 0x000000060a400000, 0x000000060a400000| Untracked 
|  75|0x000000060a600000, 0x000000060a600000, 0x000000060a800000|  0%| F|  |TAMS 0x000000060a600000, 0x000000060a600000| Untracked 
|  76|0x000000060a800000, 0x000000060a800000, 0x000000060aa00000|  0%| F|  |TAMS 0x000000060a800000, 0x000000060a800000| Untracked 
|  77|0x000000060aa00000, 0x000000060aa00000, 0x000000060ac00000|  0%| F|  |TAMS 0x000000060aa00000, 0x000000060aa00000| Untracked 
|  78|0x000000060ac00000, 0x000000060ac00000, 0x000000060ae00000|  0%| F|  |TAMS 0x000000060ac00000, 0x000000060ac00000| Untracked 
|  79|0x000000060ae00000, 0x000000060ae00000, 0x000000060b000000|  0%| F|  |TAMS 0x000000060ae00000, 0x000000060ae00000| Untracked 
|  80|0x000000060b000000, 0x000000060b000000, 0x000000060b200000|  0%| F|  |TAMS 0x000000060b000000, 0x000000060b000000| Untracked 
|  81|0x000000060b200000, 0x000000060b200000, 0x000000060b400000|  0%| F|  |TAMS 0x000000060b200000, 0x000000060b200000| Untracked 
|  82|0x000000060b400000, 0x000000060b400000, 0x000000060b600000|  0%| F|  |TAMS 0x000000060b400000, 0x000000060b400000| Untracked 
|  83|0x000000060b600000, 0x000000060b600000, 0x000000060b800000|  0%| F|  |TAMS 0x000000060b600000, 0x000000060b600000| Untracked 
|  84|0x000000060b800000, 0x000000060b800000, 0x000000060ba00000|  0%| F|  |TAMS 0x000000060b800000, 0x000000060b800000| Untracked 
|  85|0x000000060ba00000, 0x000000060ba00000, 0x000000060bc00000|  0%| F|  |TAMS 0x000000060ba00000, 0x000000060ba00000| Untracked 
|  86|0x000000060bc00000, 0x000000060bc00000, 0x000000060be00000|  0%| F|  |TAMS 0x000000060bc00000, 0x000000060bc00000| Untracked 
|  87|0x000000060be00000, 0x000000060be00000, 0x000000060c000000|  0%| F|  |TAMS 0x000000060be00000, 0x000000060be00000| Untracked 
|  88|0x000000060c000000, 0x000000060c000000, 0x000000060c200000|  0%| F|  |TAMS 0x000000060c000000, 0x000000060c000000| Untracked 
|  89|0x000000060c200000, 0x000000060c200000, 0x000000060c400000|  0%| F|  |TAMS 0x000000060c200000, 0x000000060c200000| Untracked 
|  90|0x000000060c400000, 0x000000060c400000, 0x000000060c600000|  0%| F|  |TAMS 0x000000060c400000, 0x000000060c400000| Untracked 
|  91|0x000000060c600000, 0x000000060c600000, 0x000000060c800000|  0%| F|  |TAMS 0x000000060c600000, 0x000000060c600000| Untracked 
|  92|0x000000060c800000, 0x000000060c800000, 0x000000060ca00000|  0%| F|  |TAMS 0x000000060c800000, 0x000000060c800000| Untracked 
|  93|0x000000060ca00000, 0x000000060ca00000, 0x000000060cc00000|  0%| F|  |TAMS 0x000000060ca00000, 0x000000060ca00000| Untracked 
|  94|0x000000060cc00000, 0x000000060cc00000, 0x000000060ce00000|  0%| F|  |TAMS 0x000000060cc00000, 0x000000060cc00000| Untracked 
|  95|0x000000060ce00000, 0x000000060ce00000, 0x000000060d000000|  0%| F|  |TAMS 0x000000060ce00000, 0x000000060ce00000| Untracked 
|  96|0x000000060d000000, 0x000000060d000000, 0x000000060d200000|  0%| F|  |TAMS 0x000000060d000000, 0x000000060d000000| Untracked 
|  97|0x000000060d200000, 0x000000060d200000, 0x000000060d400000|  0%| F|  |TAMS 0x000000060d200000, 0x000000060d200000| Untracked 
|  98|0x000000060d400000, 0x000000060d400000, 0x000000060d600000|  0%| F|  |TAMS 0x000000060d400000, 0x000000060d400000| Untracked 
|  99|0x000000060d600000, 0x000000060d600000, 0x000000060d800000|  0%| F|  |TAMS 0x000000060d600000, 0x000000060d600000| Untracked 
| 100|0x000000060d800000, 0x000000060d800000, 0x000000060da00000|  0%| F|  |TAMS 0x000000060d800000, 0x000000060d800000| Untracked 
| 101|0x000000060da00000, 0x000000060da00000, 0x000000060dc00000|  0%| F|  |TAMS 0x000000060da00000, 0x000000060da00000| Untracked 
| 102|0x000000060dc00000, 0x000000060dc00000, 0x000000060de00000|  0%| F|  |TAMS 0x000000060dc00000, 0x000000060dc00000| Untracked 
| 103|0x000000060de00000, 0x000000060de00000, 0x000000060e000000|  0%| F|  |TAMS 0x000000060de00000, 0x000000060de00000| Untracked 
| 104|0x000000060e000000, 0x000000060e000000, 0x000000060e200000|  0%| F|  |TAMS 0x000000060e000000, 0x000000060e000000| Untracked 
| 105|0x000000060e200000, 0x000000060e200000, 0x000000060e400000|  0%| F|  |TAMS 0x000000060e200000, 0x000000060e200000| Untracked 
| 106|0x000000060e400000, 0x000000060e400000, 0x000000060e600000|  0%| F|  |TAMS 0x000000060e400000, 0x000000060e400000| Untracked 
| 107|0x000000060e600000, 0x000000060e600000, 0x000000060e800000|  0%| F|  |TAMS 0x000000060e600000, 0x000000060e600000| Untracked 
| 108|0x000000060e800000, 0x000000060e800000, 0x000000060ea00000|  0%| F|  |TAMS 0x000000060e800000, 0x000000060e800000| Untracked 
| 109|0x000000060ea00000, 0x000000060ea00000, 0x000000060ec00000|  0%| F|  |TAMS 0x000000060ea00000, 0x000000060ea00000| Untracked 
| 110|0x000000060ec00000, 0x000000060ec00000, 0x000000060ee00000|  0%| F|  |TAMS 0x000000060ec00000, 0x000000060ec00000| Untracked 
| 111|0x000000060ee00000, 0x000000060ee00000, 0x000000060f000000|  0%| F|  |TAMS 0x000000060ee00000, 0x000000060ee00000| Untracked 
| 112|0x000000060f000000, 0x000000060f000000, 0x000000060f200000|  0%| F|  |TAMS 0x000000060f000000, 0x000000060f000000| Untracked 
| 113|0x000000060f200000, 0x000000060f200000, 0x000000060f400000|  0%| F|  |TAMS 0x000000060f200000, 0x000000060f200000| Untracked 
| 114|0x000000060f400000, 0x000000060f400000, 0x000000060f600000|  0%| F|  |TAMS 0x000000060f400000, 0x000000060f400000| Untracked 
| 115|0x000000060f600000, 0x000000060f600000, 0x000000060f800000|  0%| F|  |TAMS 0x000000060f600000, 0x000000060f600000| Untracked 
| 116|0x000000060f800000, 0x000000060f800000, 0x000000060fa00000|  0%| F|  |TAMS 0x000000060f800000, 0x000000060f800000| Untracked 
| 117|0x000000060fa00000, 0x000000060fa00000, 0x000000060fc00000|  0%| F|  |TAMS 0x000000060fa00000, 0x000000060fa00000| Untracked 
| 118|0x000000060fc00000, 0x000000060fc00000, 0x000000060fe00000|  0%| F|  |TAMS 0x000000060fc00000, 0x000000060fc00000| Untracked 
| 119|0x000000060fe00000, 0x000000060fe00000, 0x0000000610000000|  0%| F|  |TAMS 0x000000060fe00000, 0x000000060fe00000| Untracked 
| 120|0x0000000610000000, 0x0000000610000000, 0x0000000610200000|  0%| F|  |TAMS 0x0000000610000000, 0x0000000610000000| Untracked 
| 121|0x0000000610200000, 0x0000000610200000, 0x0000000610400000|  0%| F|  |TAMS 0x0000000610200000, 0x0000000610200000| Untracked 
| 122|0x0000000610400000, 0x0000000610400000, 0x0000000610600000|  0%| F|  |TAMS 0x0000000610400000, 0x0000000610400000| Untracked 
| 123|0x0000000610600000, 0x0000000610600000, 0x0000000610800000|  0%| F|  |TAMS 0x0000000610600000, 0x0000000610600000| Untracked 
| 124|0x0000000610800000, 0x0000000610800000, 0x0000000610a00000|  0%| F|  |TAMS 0x0000000610800000, 0x0000000610800000| Untracked 
| 125|0x0000000610a00000, 0x0000000610a00000, 0x0000000610c00000|  0%| F|  |TAMS 0x0000000610a00000, 0x0000000610a00000| Untracked 
| 126|0x0000000610c00000, 0x0000000610c00000, 0x0000000610e00000|  0%| F|  |TAMS 0x0000000610c00000, 0x0000000610c00000| Untracked 
| 127|0x0000000610e00000, 0x0000000610e00000, 0x0000000611000000|  0%| F|  |TAMS 0x0000000610e00000, 0x0000000610e00000| Untracked 
| 128|0x0000000611000000, 0x0000000611000000, 0x0000000611200000|  0%| F|  |TAMS 0x0000000611000000, 0x0000000611000000| Untracked 
| 129|0x0000000611200000, 0x0000000611200000, 0x0000000611400000|  0%| F|  |TAMS 0x0000000611200000, 0x0000000611200000| Untracked 
| 130|0x0000000611400000, 0x0000000611400000, 0x0000000611600000|  0%| F|  |TAMS 0x0000000611400000, 0x0000000611400000| Untracked 
| 131|0x0000000611600000, 0x0000000611600000, 0x0000000611800000|  0%| F|  |TAMS 0x0000000611600000, 0x0000000611600000| Untracked 
| 132|0x0000000611800000, 0x0000000611800000, 0x0000000611a00000|  0%| F|  |TAMS 0x0000000611800000, 0x0000000611800000| Untracked 
| 133|0x0000000611a00000, 0x0000000611a00000, 0x0000000611c00000|  0%| F|  |TAMS 0x0000000611a00000, 0x0000000611a00000| Untracked 
| 134|0x0000000611c00000, 0x0000000611c00000, 0x0000000611e00000|  0%| F|  |TAMS 0x0000000611c00000, 0x0000000611c00000| Untracked 
| 135|0x0000000611e00000, 0x0000000611e00000, 0x0000000612000000|  0%| F|  |TAMS 0x0000000611e00000, 0x0000000611e00000| Untracked 
| 136|0x0000000612000000, 0x0000000612000000, 0x0000000612200000|  0%| F|  |TAMS 0x0000000612000000, 0x0000000612000000| Untracked 
| 137|0x0000000612200000, 0x0000000612200000, 0x0000000612400000|  0%| F|  |TAMS 0x0000000612200000, 0x0000000612200000| Untracked 
| 138|0x0000000612400000, 0x0000000612400000, 0x0000000612600000|  0%| F|  |TAMS 0x0000000612400000, 0x0000000612400000| Untracked 
| 139|0x0000000612600000, 0x0000000612600000, 0x0000000612800000|  0%| F|  |TAMS 0x0000000612600000, 0x0000000612600000| Untracked 
| 140|0x0000000612800000, 0x0000000612800000, 0x0000000612a00000|  0%| F|  |TAMS 0x0000000612800000, 0x0000000612800000| Untracked 
| 141|0x0000000612a00000, 0x0000000612a00000, 0x0000000612c00000|  0%| F|  |TAMS 0x0000000612a00000, 0x0000000612a00000| Untracked 
| 142|0x0000000612c00000, 0x0000000612c00000, 0x0000000612e00000|  0%| F|  |TAMS 0x0000000612c00000, 0x0000000612c00000| Untracked 
| 143|0x0000000612e00000, 0x0000000612e00000, 0x0000000613000000|  0%| F|  |TAMS 0x0000000612e00000, 0x0000000612e00000| Untracked 
| 144|0x0000000613000000, 0x0000000613000000, 0x0000000613200000|  0%| F|  |TAMS 0x0000000613000000, 0x0000000613000000| Untracked 
| 145|0x0000000613200000, 0x0000000613200000, 0x0000000613400000|  0%| F|  |TAMS 0x0000000613200000, 0x0000000613200000| Untracked 
| 146|0x0000000613400000, 0x0000000613400000, 0x0000000613600000|  0%| F|  |TAMS 0x0000000613400000, 0x0000000613400000| Untracked 
| 147|0x0000000613600000, 0x0000000613600000, 0x0000000613800000|  0%| F|  |TAMS 0x0000000613600000, 0x0000000613600000| Untracked 
| 148|0x0000000613800000, 0x0000000613800000, 0x0000000613a00000|  0%| F|  |TAMS 0x0000000613800000, 0x0000000613800000| Untracked 
| 149|0x0000000613a00000, 0x0000000613a00000, 0x0000000613c00000|  0%| F|  |TAMS 0x0000000613a00000, 0x0000000613a00000| Untracked 
| 150|0x0000000613c00000, 0x0000000613c00000, 0x0000000613e00000|  0%| F|  |TAMS 0x0000000613c00000, 0x0000000613c00000| Untracked 
| 151|0x0000000613e00000, 0x0000000613e00000, 0x0000000614000000|  0%| F|  |TAMS 0x0000000613e00000, 0x0000000613e00000| Untracked 
| 152|0x0000000614000000, 0x0000000614000000, 0x0000000614200000|  0%| F|  |TAMS 0x0000000614000000, 0x0000000614000000| Untracked 
| 153|0x0000000614200000, 0x0000000614200000, 0x0000000614400000|  0%| F|  |TAMS 0x0000000614200000, 0x0000000614200000| Untracked 
| 154|0x0000000614400000, 0x0000000614400000, 0x0000000614600000|  0%| F|  |TAMS 0x0000000614400000, 0x0000000614400000| Untracked 
| 155|0x0000000614600000, 0x0000000614600000, 0x0000000614800000|  0%| F|  |TAMS 0x0000000614600000, 0x0000000614600000| Untracked 
| 156|0x0000000614800000, 0x0000000614800000, 0x0000000614a00000|  0%| F|  |TAMS 0x0000000614800000, 0x0000000614800000| Untracked 
| 157|0x0000000614a00000, 0x0000000614a00000, 0x0000000614c00000|  0%| F|  |TAMS 0x0000000614a00000, 0x0000000614a00000| Untracked 
| 158|0x0000000614c00000, 0x0000000614c00000, 0x0000000614e00000|  0%| F|  |TAMS 0x0000000614c00000, 0x0000000614c00000| Untracked 
| 159|0x0000000614e00000, 0x0000000614e00000, 0x0000000615000000|  0%| F|  |TAMS 0x0000000614e00000, 0x0000000614e00000| Untracked 
| 160|0x0000000615000000, 0x0000000615000000, 0x0000000615200000|  0%| F|  |TAMS 0x0000000615000000, 0x0000000615000000| Untracked 
| 161|0x0000000615200000, 0x0000000615200000, 0x0000000615400000|  0%| F|  |TAMS 0x0000000615200000, 0x0000000615200000| Untracked 
| 162|0x0000000615400000, 0x0000000615400000, 0x0000000615600000|  0%| F|  |TAMS 0x0000000615400000, 0x0000000615400000| Untracked 
| 163|0x0000000615600000, 0x0000000615600000, 0x0000000615800000|  0%| F|  |TAMS 0x0000000615600000, 0x0000000615600000| Untracked 
| 164|0x0000000615800000, 0x0000000615800000, 0x0000000615a00000|  0%| F|  |TAMS 0x0000000615800000, 0x0000000615800000| Untracked 
| 165|0x0000000615a00000, 0x0000000615a00000, 0x0000000615c00000|  0%| F|  |TAMS 0x0000000615a00000, 0x0000000615a00000| Untracked 
| 166|0x0000000615c00000, 0x0000000615c00000, 0x0000000615e00000|  0%| F|  |TAMS 0x0000000615c00000, 0x0000000615c00000| Untracked 
| 167|0x0000000615e00000, 0x0000000615e00000, 0x0000000616000000|  0%| F|  |TAMS 0x0000000615e00000, 0x0000000615e00000| Untracked 
| 168|0x0000000616000000, 0x0000000616000000, 0x0000000616200000|  0%| F|  |TAMS 0x0000000616000000, 0x0000000616000000| Untracked 
| 169|0x0000000616200000, 0x0000000616200000, 0x0000000616400000|  0%| F|  |TAMS 0x0000000616200000, 0x0000000616200000| Untracked 
| 170|0x0000000616400000, 0x0000000616400000, 0x0000000616600000|  0%| F|  |TAMS 0x0000000616400000, 0x0000000616400000| Untracked 
| 171|0x0000000616600000, 0x0000000616600000, 0x0000000616800000|  0%| F|  |TAMS 0x0000000616600000, 0x0000000616600000| Untracked 
| 172|0x0000000616800000, 0x0000000616800000, 0x0000000616a00000|  0%| F|  |TAMS 0x0000000616800000, 0x0000000616800000| Untracked 
| 173|0x0000000616a00000, 0x0000000616a00000, 0x0000000616c00000|  0%| F|  |TAMS 0x0000000616a00000, 0x0000000616a00000| Untracked 
| 174|0x0000000616c00000, 0x0000000616c00000, 0x0000000616e00000|  0%| F|  |TAMS 0x0000000616c00000, 0x0000000616c00000| Untracked 
| 175|0x0000000616e00000, 0x0000000616e00000, 0x0000000617000000|  0%| F|  |TAMS 0x0000000616e00000, 0x0000000616e00000| Untracked 
| 176|0x0000000617000000, 0x0000000617000000, 0x0000000617200000|  0%| F|  |TAMS 0x0000000617000000, 0x0000000617000000| Untracked 
| 177|0x0000000617200000, 0x0000000617200000, 0x0000000617400000|  0%| F|  |TAMS 0x0000000617200000, 0x0000000617200000| Untracked 
| 178|0x0000000617400000, 0x0000000617400000, 0x0000000617600000|  0%| F|  |TAMS 0x0000000617400000, 0x0000000617400000| Untracked 
| 179|0x0000000617600000, 0x0000000617600000, 0x0000000617800000|  0%| F|  |TAMS 0x0000000617600000, 0x0000000617600000| Untracked 
| 180|0x0000000617800000, 0x0000000617800000, 0x0000000617a00000|  0%| F|  |TAMS 0x0000000617800000, 0x0000000617800000| Untracked 
| 181|0x0000000617a00000, 0x0000000617a00000, 0x0000000617c00000|  0%| F|  |TAMS 0x0000000617a00000, 0x0000000617a00000| Untracked 
| 182|0x0000000617c00000, 0x0000000617c00000, 0x0000000617e00000|  0%| F|  |TAMS 0x0000000617c00000, 0x0000000617c00000| Untracked 
| 183|0x0000000617e00000, 0x0000000617e00000, 0x0000000618000000|  0%| F|  |TAMS 0x0000000617e00000, 0x0000000617e00000| Untracked 
| 184|0x0000000618000000, 0x0000000618000000, 0x0000000618200000|  0%| F|  |TAMS 0x0000000618000000, 0x0000000618000000| Untracked 
| 185|0x0000000618200000, 0x0000000618200000, 0x0000000618400000|  0%| F|  |TAMS 0x0000000618200000, 0x0000000618200000| Untracked 
| 186|0x0000000618400000, 0x0000000618400000, 0x0000000618600000|  0%| F|  |TAMS 0x0000000618400000, 0x0000000618400000| Untracked 
| 187|0x0000000618600000, 0x0000000618600000, 0x0000000618800000|  0%| F|  |TAMS 0x0000000618600000, 0x0000000618600000| Untracked 
| 188|0x0000000618800000, 0x0000000618800000, 0x0000000618a00000|  0%| F|  |TAMS 0x0000000618800000, 0x0000000618800000| Untracked 
| 189|0x0000000618a00000, 0x0000000618a00000, 0x0000000618c00000|  0%| F|  |TAMS 0x0000000618a00000, 0x0000000618a00000| Untracked 
| 190|0x0000000618c00000, 0x0000000618c00000, 0x0000000618e00000|  0%| F|  |TAMS 0x0000000618c00000, 0x0000000618c00000| Untracked 
| 191|0x0000000618e00000, 0x0000000618e00000, 0x0000000619000000|  0%| F|  |TAMS 0x0000000618e00000, 0x0000000618e00000| Untracked 
| 192|0x0000000619000000, 0x0000000619000000, 0x0000000619200000|  0%| F|  |TAMS 0x0000000619000000, 0x0000000619000000| Untracked 
| 193|0x0000000619200000, 0x0000000619200000, 0x0000000619400000|  0%| F|  |TAMS 0x0000000619200000, 0x0000000619200000| Untracked 
| 194|0x0000000619400000, 0x0000000619400000, 0x0000000619600000|  0%| F|  |TAMS 0x0000000619400000, 0x0000000619400000| Untracked 
| 195|0x0000000619600000, 0x0000000619600000, 0x0000000619800000|  0%| F|  |TAMS 0x0000000619600000, 0x0000000619600000| Untracked 
| 196|0x0000000619800000, 0x0000000619800000, 0x0000000619a00000|  0%| F|  |TAMS 0x0000000619800000, 0x0000000619800000| Untracked 
| 197|0x0000000619a00000, 0x0000000619a00000, 0x0000000619c00000|  0%| F|  |TAMS 0x0000000619a00000, 0x0000000619a00000| Untracked 
| 198|0x0000000619c00000, 0x0000000619c00000, 0x0000000619e00000|  0%| F|  |TAMS 0x0000000619c00000, 0x0000000619c00000| Untracked 
| 199|0x0000000619e00000, 0x0000000619e00000, 0x000000061a000000|  0%| F|  |TAMS 0x0000000619e00000, 0x0000000619e00000| Untracked 
| 200|0x000000061a000000, 0x000000061a000000, 0x000000061a200000|  0%| F|  |TAMS 0x000000061a000000, 0x000000061a000000| Untracked 
| 201|0x000000061a200000, 0x000000061a200000, 0x000000061a400000|  0%| F|  |TAMS 0x000000061a200000, 0x000000061a200000| Untracked 
| 202|0x000000061a400000, 0x000000061a400000, 0x000000061a600000|  0%| F|  |TAMS 0x000000061a400000, 0x000000061a400000| Untracked 
| 203|0x000000061a600000, 0x000000061a600000, 0x000000061a800000|  0%| F|  |TAMS 0x000000061a600000, 0x000000061a600000| Untracked 
| 204|0x000000061a800000, 0x000000061a800000, 0x000000061aa00000|  0%| F|  |TAMS 0x000000061a800000, 0x000000061a800000| Untracked 
| 205|0x000000061aa00000, 0x000000061aa00000, 0x000000061ac00000|  0%| F|  |TAMS 0x000000061aa00000, 0x000000061aa00000| Untracked 
| 206|0x000000061ac00000, 0x000000061ac00000, 0x000000061ae00000|  0%| F|  |TAMS 0x000000061ac00000, 0x000000061ac00000| Untracked 
| 207|0x000000061ae00000, 0x000000061ae00000, 0x000000061b000000|  0%| F|  |TAMS 0x000000061ae00000, 0x000000061ae00000| Untracked 
| 208|0x000000061b000000, 0x000000061b000000, 0x000000061b200000|  0%| F|  |TAMS 0x000000061b000000, 0x000000061b000000| Untracked 
| 209|0x000000061b200000, 0x000000061b200000, 0x000000061b400000|  0%| F|  |TAMS 0x000000061b200000, 0x000000061b200000| Untracked 
| 210|0x000000061b400000, 0x000000061b400000, 0x000000061b600000|  0%| F|  |TAMS 0x000000061b400000, 0x000000061b400000| Untracked 
| 211|0x000000061b600000, 0x000000061b600000, 0x000000061b800000|  0%| F|  |TAMS 0x000000061b600000, 0x000000061b600000| Untracked 
| 212|0x000000061b800000, 0x000000061b800000, 0x000000061ba00000|  0%| F|  |TAMS 0x000000061b800000, 0x000000061b800000| Untracked 
| 213|0x000000061ba00000, 0x000000061ba00000, 0x000000061bc00000|  0%| F|  |TAMS 0x000000061ba00000, 0x000000061ba00000| Untracked 
| 214|0x000000061bc00000, 0x000000061bc00000, 0x000000061be00000|  0%| F|  |TAMS 0x000000061bc00000, 0x000000061bc00000| Untracked 
| 215|0x000000061be00000, 0x000000061be00000, 0x000000061c000000|  0%| F|  |TAMS 0x000000061be00000, 0x000000061be00000| Untracked 
| 216|0x000000061c000000, 0x000000061c000000, 0x000000061c200000|  0%| F|  |TAMS 0x000000061c000000, 0x000000061c000000| Untracked 
| 217|0x000000061c200000, 0x000000061c200000, 0x000000061c400000|  0%| F|  |TAMS 0x000000061c200000, 0x000000061c200000| Untracked 
| 218|0x000000061c400000, 0x000000061c400000, 0x000000061c600000|  0%| F|  |TAMS 0x000000061c400000, 0x000000061c400000| Untracked 
| 219|0x000000061c600000, 0x000000061c600000, 0x000000061c800000|  0%| F|  |TAMS 0x000000061c600000, 0x000000061c600000| Untracked 
| 220|0x000000061c800000, 0x000000061c800000, 0x000000061ca00000|  0%| F|  |TAMS 0x000000061c800000, 0x000000061c800000| Untracked 
| 221|0x000000061ca00000, 0x000000061ca00000, 0x000000061cc00000|  0%| F|  |TAMS 0x000000061ca00000, 0x000000061ca00000| Untracked 
| 222|0x000000061cc00000, 0x000000061cc00000, 0x000000061ce00000|  0%| F|  |TAMS 0x000000061cc00000, 0x000000061cc00000| Untracked 
| 223|0x000000061ce00000, 0x000000061ce00000, 0x000000061d000000|  0%| F|  |TAMS 0x000000061ce00000, 0x000000061ce00000| Untracked 
| 224|0x000000061d000000, 0x000000061d000000, 0x000000061d200000|  0%| F|  |TAMS 0x000000061d000000, 0x000000061d000000| Untracked 
| 225|0x000000061d200000, 0x000000061d200000, 0x000000061d400000|  0%| F|  |TAMS 0x000000061d200000, 0x000000061d200000| Untracked 
| 226|0x000000061d400000, 0x000000061d400000, 0x000000061d600000|  0%| F|  |TAMS 0x000000061d400000, 0x000000061d400000| Untracked 
| 227|0x000000061d600000, 0x000000061d600000, 0x000000061d800000|  0%| F|  |TAMS 0x000000061d600000, 0x000000061d600000| Untracked 
| 228|0x000000061d800000, 0x000000061d800000, 0x000000061da00000|  0%| F|  |TAMS 0x000000061d800000, 0x000000061d800000| Untracked 
| 229|0x000000061da00000, 0x000000061da00000, 0x000000061dc00000|  0%| F|  |TAMS 0x000000061da00000, 0x000000061da00000| Untracked 
| 230|0x000000061dc00000, 0x000000061dc00000, 0x000000061de00000|  0%| F|  |TAMS 0x000000061dc00000, 0x000000061dc00000| Untracked 
| 231|0x000000061de00000, 0x000000061de00000, 0x000000061e000000|  0%| F|  |TAMS 0x000000061de00000, 0x000000061de00000| Untracked 
| 232|0x000000061e000000, 0x000000061e000000, 0x000000061e200000|  0%| F|  |TAMS 0x000000061e000000, 0x000000061e000000| Untracked 
| 233|0x000000061e200000, 0x000000061e200000, 0x000000061e400000|  0%| F|  |TAMS 0x000000061e200000, 0x000000061e200000| Untracked 
| 234|0x000000061e400000, 0x000000061e400000, 0x000000061e600000|  0%| F|  |TAMS 0x000000061e400000, 0x000000061e400000| Untracked 
| 235|0x000000061e600000, 0x000000061e600000, 0x000000061e800000|  0%| F|  |TAMS 0x000000061e600000, 0x000000061e600000| Untracked 
| 236|0x000000061e800000, 0x000000061e800000, 0x000000061ea00000|  0%| F|  |TAMS 0x000000061e800000, 0x000000061e800000| Untracked 
| 237|0x000000061ea00000, 0x000000061ea00000, 0x000000061ec00000|  0%| F|  |TAMS 0x000000061ea00000, 0x000000061ea00000| Untracked 
| 238|0x000000061ec00000, 0x000000061ec00000, 0x000000061ee00000|  0%| F|  |TAMS 0x000000061ec00000, 0x000000061ec00000| Untracked 
| 239|0x000000061ee00000, 0x000000061ee00000, 0x000000061f000000|  0%| F|  |TAMS 0x000000061ee00000, 0x000000061ee00000| Untracked 
| 240|0x000000061f000000, 0x000000061f000000, 0x000000061f200000|  0%| F|  |TAMS 0x000000061f000000, 0x000000061f000000| Untracked 
| 241|0x000000061f200000, 0x000000061f200000, 0x000000061f400000|  0%| F|  |TAMS 0x000000061f200000, 0x000000061f200000| Untracked 
| 242|0x000000061f400000, 0x000000061f400000, 0x000000061f600000|  0%| F|  |TAMS 0x000000061f400000, 0x000000061f400000| Untracked 
| 243|0x000000061f600000, 0x000000061f600000, 0x000000061f800000|  0%| F|  |TAMS 0x000000061f600000, 0x000000061f600000| Untracked 
| 244|0x000000061f800000, 0x000000061f800000, 0x000000061fa00000|  0%| F|  |TAMS 0x000000061f800000, 0x000000061f800000| Untracked 
| 245|0x000000061fa00000, 0x000000061fab1c28, 0x000000061fc00000| 34%| E|  |TAMS 0x000000061fa00000, 0x000000061fa00000| Complete 
| 246|0x000000061fc00000, 0x000000061fe00000, 0x000000061fe00000|100%| E|CS|TAMS 0x000000061fc00000, 0x000000061fc00000| Complete 
| 247|0x000000061fe00000, 0x0000000620000000, 0x0000000620000000|100%| E|CS|TAMS 0x000000061fe00000, 0x000000061fe00000| Complete 
| 248|0x0000000620000000, 0x0000000620200000, 0x0000000620200000|100%| E|CS|TAMS 0x0000000620000000, 0x0000000620000000| Complete 
| 249|0x0000000620200000, 0x0000000620400000, 0x0000000620400000|100%| E|CS|TAMS 0x0000000620200000, 0x0000000620200000| Complete 
| 250|0x0000000620400000, 0x0000000620600000, 0x0000000620600000|100%| E|CS|TAMS 0x0000000620400000, 0x0000000620400000| Complete 
| 251|0x0000000620600000, 0x0000000620800000, 0x0000000620800000|100%| E|CS|TAMS 0x0000000620600000, 0x0000000620600000| Complete 
| 252|0x0000000620800000, 0x0000000620a00000, 0x0000000620a00000|100%| E|CS|TAMS 0x0000000620800000, 0x0000000620800000| Complete 
| 253|0x0000000620a00000, 0x0000000620ab6a00, 0x0000000620c00000| 35%| S|CS|TAMS 0x0000000620a00000, 0x0000000620a00000| Complete 
| 254|0x0000000620c00000, 0x0000000620e00000, 0x0000000620e00000|100%| E|CS|TAMS 0x0000000620c00000, 0x0000000620c00000| Complete 
| 255|0x0000000620e00000, 0x0000000621000000, 0x0000000621000000|100%| E|CS|TAMS 0x0000000620e00000, 0x0000000620e00000| Complete 

Card table byte_map: [0x000001e94dcf0000,0x000001e94ecf0000] _byte_map_base: 0x000001e94ace8000

Marking Bits (Prev, Next): (CMBitMap*) 0x000001e9351adc50, (CMBitMap*) 0x000001e9351adc18
 Prev Bits: [0x000001e957cb0000, 0x000001e95fc70000)
 Next Bits: [0x000001e94fcf0000, 0x000001e957cb0000)

Polling page: 0x000001e932ed0000

Metaspace:

Usage:
  Non-class:     19.97 MB capacity,    19.73 MB ( 99%) used,   201.81 KB ( <1%) free+waste,    51.75 KB ( <1%) overhead. 
      Class:      2.54 MB capacity,     2.34 MB ( 92%) used,   176.91 KB (  7%) free+waste,    25.69 KB ( <1%) overhead. 
       Both:     22.51 MB capacity,    22.07 MB ( 98%) used,   378.73 KB (  2%) free+waste,    77.44 KB ( <1%) overhead. 

Virtual space:
  Non-class space:       20.00 MB reserved,      20.00 MB (100%) committed 
      Class space:        1.00 GB reserved,       2.63 MB ( <1%) committed 
             Both:        1.02 GB reserved,      22.63 MB (  2%) committed 

Chunk freelists:
   Non-Class:  3.25 KB
       Class:  3.13 KB
        Both:  6.38 KB

CodeHeap 'non-profiled nmethods': size=119168Kb used=2204Kb max_used=2204Kb free=116963Kb
 bounds [0x000001e944ff0000, 0x000001e945260000, 0x000001e94c450000]
CodeHeap 'profiled nmethods': size=119168Kb used=9786Kb max_used=9786Kb free=109381Kb
 bounds [0x000001e93db90000, 0x000001e93e520000, 0x000001e944ff0000]
CodeHeap 'non-nmethods': size=7424Kb used=1270Kb max_used=3021Kb free=6153Kb
 bounds [0x000001e93d450000, 0x000001e93d750000, 0x000001e93db90000]
 total_blobs=5679 nmethods=4062 adapters=558
 compilation: enabled
              stopped_count=0, restarted_count=0
 full_count=0

Compilation events (10 events):
Event: 14.397 Thread 0x000001e963787000 4063       3       java.io.InputStream::<init> (5 bytes)
Event: 14.397 Thread 0x000001e963787000 nmethod 4063 0x000001e93e51c490 code [0x000001e93e51c640, 0x000001e93e51c7f8]
Event: 14.397 Thread 0x000001e963787000 4064       3       java.util.zip.Inflater::ensureOpen (47 bytes)
Event: 14.397 Thread 0x000001e963787000 nmethod 4064 0x000001e93e51c890 code [0x000001e93e51ca60, 0x000001e93e51cd30]
Event: 14.398 Thread 0x000001e963787000 4065       3       java.lang.String::regionMatches (150 bytes)
Event: 14.398 Thread 0x000001e963787000 nmethod 4065 0x000001e93e51ce10 code [0x000001e93e51d080, 0x000001e93e51dab0]
Event: 14.398 Thread 0x000001e963787000 4066       3       java.io.RandomAccessFile::readFully (45 bytes)
Event: 14.399 Thread 0x000001e963787000 nmethod 4066 0x000001e93e51de10 code [0x000001e93e51e000, 0x000001e93e51e3c0]
Event: 14.399 Thread 0x000001e963787000 4067       3       java.lang.ClassLoader::loadClass (7 bytes)
Event: 14.399 Thread 0x000001e963787000 nmethod 4067 0x000001e93e51e590 code [0x000001e93e51e740, 0x000001e93e51e970]

GC Heap History (4 events):
Event: 0.952 GC heap before
{Heap before GC invocations=0 (full 0):
 garbage-first heap   total 524288K, used 22528K [0x0000000601000000, 0x0000000800000000)
  region size 2048K, 12 young (24576K), 0 survivors (0K)
 Metaspace       used 20127K, capacity 20580K, committed 20736K, reserved 1067008K
  class space    used 2219K, capacity 2436K, committed 2560K, reserved 1048576K
}
Event: 0.958 GC heap after
{Heap after GC invocations=1 (full 0):
 garbage-first heap   total 524288K, used 6539K [0x0000000601000000, 0x0000000800000000)
  region size 2048K, 2 young (4096K), 2 survivors (4096K)
 Metaspace       used 20127K, capacity 20580K, committed 20736K, reserved 1067008K
  class space    used 2219K, capacity 2436K, committed 2560K, reserved 1048576K
}
Event: 1.036 GC heap before
{Heap before GC invocations=1 (full 0):
 garbage-first heap   total 524288K, used 8587K [0x0000000601000000, 0x0000000800000000)
  region size 2048K, 4 young (8192K), 2 survivors (4096K)
 Metaspace       used 20706K, capacity 21127K, committed 21248K, reserved 1069056K
  class space    used 2266K, capacity 2469K, committed 2560K, reserved 1048576K
}
Event: 1.041 GC heap after
{Heap after GC invocations=2 (full 0):
 garbage-first heap   total 524288K, used 7432K [0x0000000601000000, 0x0000000800000000)
  region size 2048K, 1 young (2048K), 1 survivors (2048K)
 Metaspace       used 20706K, capacity 21127K, committed 21248K, reserved 1069056K
  class space    used 2266K, capacity 2469K, committed 2560K, reserved 1048576K
}

Deoptimization events (10 events):
Event: 7.499 Thread 0x000001e964073800 Uncommon trap: reason=unstable_if action=reinterpret pc=0x000001e94518e478 method=java.awt.geom.AffineTransform.translate(DD)V @ 4 c2
Event: 7.499 Thread 0x000001e964073800 Uncommon trap: reason=unstable_if action=reinterpret pc=0x000001e9451473fc method=java.awt.geom.AffineTransform.transform([DI[DII)V @ 41 c2
Event: 7.502 Thread 0x000001e964073800 Uncommon trap: reason=unstable_if action=reinterpret pc=0x000001e94505b8d4 method=javax.swing.plaf.nimbus.DerivedColor.equals(Ljava/lang/Object;)Z @ 45 c2
Event: 7.505 Thread 0x000001e964073800 Uncommon trap: reason=unstable_if action=reinterpret pc=0x000001e9450e049c method=java.util.concurrent.locks.AbstractQueuedSynchronizer.release(I)Z @ 14 c2
Event: 7.507 Thread 0x000001e964073800 Uncommon trap: reason=class_check action=maybe_recompile pc=0x000001e94504d058 method=javax.swing.UIDefaults.getFromHashtable(Ljava/lang/Object;)Ljava/lang/Object; @ 122 c2
Event: 7.948 Thread 0x000001e964073800 Uncommon trap: reason=profile_predicate action=maybe_recompile pc=0x000001e94518aa50 method=javax.swing.GroupLayout$Group.calculateSize(II)I @ 71 c2
Event: 7.948 Thread 0x000001e964073800 Uncommon trap: reason=profile_predicate action=maybe_recompile pc=0x000001e94518aa50 method=javax.swing.GroupLayout$Group.calculateSize(II)I @ 71 c2
Event: 7.948 Thread 0x000001e964073800 Uncommon trap: reason=profile_predicate action=maybe_recompile pc=0x000001e94518aa50 method=javax.swing.GroupLayout$Group.calculateSize(II)I @ 71 c2
Event: 7.948 Thread 0x000001e964073800 Uncommon trap: reason=profile_predicate action=maybe_recompile pc=0x000001e94518aa50 method=javax.swing.GroupLayout$Group.calculateSize(II)I @ 71 c2
Event: 9.260 Thread 0x000001e964073800 Uncommon trap: reason=class_check action=maybe_recompile pc=0x000001e9451635d8 method=java.awt.Container.getMouseEventTargetImpl(IIZLjava/awt/Container$EventTargetFilter;ZZ)Ljava/awt/Component; @ 191 c2

Classes redefined (0 events):
No events

Internal exceptions (10 events):
Event: 0.324 Thread 0x000001e935128000 Exception <a 'java/lang/NoSuchMethodError'{0x000000062073be58}: java.lang.invoke.DirectMethodHandle$Holder.invokeStatic(Ljava/lang/Object;Ljava/lang/Object;Ljava/lang/Object;Ljava/lang/Object;Ljava/lang/Object;Ljava/lang/Object;Ljava/lang/Object;Ljava/lan
Event: 0.325 Thread 0x000001e935128000 Exception <a 'java/lang/NoSuchMethodError'{0x000000062075abe0}: java.lang.invoke.DirectMethodHandle$Holder.invokeStatic(Ljava/lang/Object;Ljava/lang/Object;Ljava/lang/Object;Ljava/lang/Object;Ljava/lang/Object;Ljava/lang/Object;Ljava/lang/Object;Ljava/lan
Event: 0.326 Thread 0x000001e935128000 Exception <a 'java/lang/NoSuchMethodError'{0x000000062077b248}: java.lang.invoke.DirectMethodHandle$Holder.invokeStatic(Ljava/lang/Object;Ljava/lang/Object;Ljava/lang/Object;Ljava/lang/Object;Ljava/lang/Object;Ljava/lang/Object;Ljava/lang/Object;Ljava/lan
Event: 0.415 Thread 0x000001e964073800 Exception <a 'java/lang/ClassNotFoundException'{0x0000000620407058}: com/sun/swing/internal/plaf/synth/resources/spi/synthProvider> (0x0000000620407058) thrown at [t:/workspace/open/src/hotspot/share/classfile/systemDictionary.cpp, line 231]
Event: 0.676 Thread 0x000001e964073800 Implicit null exception at 0x000001e94507c709 to 0x000001e94507c7d6
Event: 0.785 Thread 0x000001e964073800 Exception <a 'java/lang/NoSuchMethodError'{0x000000061fb70ed8}: java.lang.invoke.DirectMethodHandle$Holder.invokeStaticInit(Ljava/lang/Object;)V> (0x000000061fb70ed8) thrown at [t:/workspace/open/src/hotspot/share/interpreter/linkResolver.cpp, line 772]
Event: 0.789 Thread 0x000001e964073800 Exception <a 'java/lang/NoSuchMethodError'{0x000000061fbbf9d0}: java.lang.invoke.Invokers$Holder.linkToTargetMethod(Ljava/lang/Object;ILjava/lang/Object;)Ljava/lang/Object;> (0x000000061fbbf9d0) thrown at [t:/workspace/open/src/hotspot/share/interpreter/l
Event: 0.884 Thread 0x000001e964073800 Implicit null exception at 0x000001e9450c0aa5 to 0x000001e9450c0c12
Event: 1.003 Thread 0x000001e964073800 Exception <a 'java/io/FileNotFoundException'{0x0000000620f1bc88}> (0x0000000620f1bc88) thrown at [t:/workspace/open/src/hotspot/share/prims/jni.cpp, line 615]
Event: 7.498 Thread 0x000001e964073800 Implicit null exception at 0x000001e94514f2f1 to 0x000001e9451510ca

Events (10 events):
Event: 14.398 loading class com/intelligt/modbus/jlibmodbus/utils/ByteFifo
Event: 14.398 loading class com/intelligt/modbus/jlibmodbus/utils/ByteFifo done
Event: 14.399 loading class com/intelligt/modbus/jlibmodbus/utils/ByteFifo$ByteArrayOutputStream
Event: 14.399 loading class com/intelligt/modbus/jlibmodbus/utils/ByteFifo$ByteArrayOutputStream done
Event: 14.399 loading class com/intelligt/modbus/jlibmodbus/utils/ModbusExceptionCode
Event: 14.399 loading class com/intelligt/modbus/jlibmodbus/utils/ModbusExceptionCode done
Event: 14.399 loading class com/intelligt/modbus/jlibmodbus/utils/ModbusFunctionCode
Event: 14.399 loading class com/intelligt/modbus/jlibmodbus/utils/ModbusFunctionCode done
Event: 14.400 loading class com/intelligt/modbus/jlibmodbus/data/CommStatus
Event: 14.400 loading class com/intelligt/modbus/jlibmodbus/data/CommStatus done


Dynamic libraries:
0x00007ff7566f0000 - 0x00007ff756737000 	C:\Program Files\Java\jdk-11.0.1\bin\javaw.exe
0x00007ffe090c0000 - 0x00007ffe092ad000 	C:\WINDOWS\SYSTEM32\ntdll.dll
0x00007ffe08fd0000 - 0x00007ffe09083000 	C:\WINDOWS\System32\KERNEL32.DLL
0x00007ffe05390000 - 0x00007ffe05623000 	C:\WINDOWS\System32\KERNELBASE.dll
0x00007ffe06b20000 - 0x00007ffe06bc3000 	C:\WINDOWS\System32\ADVAPI32.dll
0x00007ffe06bd0000 - 0x00007ffe06c6e000 	C:\WINDOWS\System32\msvcrt.dll
0x00007ffe067f0000 - 0x00007ffe0688e000 	C:\WINDOWS\System32\sechost.dll
0x00007ffe08db0000 - 0x00007ffe08ed2000 	C:\WINDOWS\System32\RPCRT4.dll
0x00007ffe06390000 - 0x00007ffe06527000 	C:\WINDOWS\System32\USER32.dll
0x00007ffe05de0000 - 0x00007ffe05e00000 	C:\WINDOWS\System32\win32u.dll
0x00007ffe08d20000 - 0x00007ffe08d49000 	C:\WINDOWS\System32\GDI32.dll
0x00007ffe05eb0000 - 0x00007ffe06049000 	C:\WINDOWS\System32\gdi32full.dll
0x00007ffe06070000 - 0x00007ffe06110000 	C:\WINDOWS\System32\msvcp_win.dll
0x00007ffe06110000 - 0x00007ffe0620a000 	C:\WINDOWS\System32\ucrtbase.dll
0x00007ffdff520000 - 0x00007ffdff799000 	C:\WINDOWS\WinSxS\amd64_microsoft.windows.common-controls_6595b64144ccf1df_6.0.17763.973_none_05b245900721eb81\COMCTL32.dll
0x00007ffe019e0000 - 0x00007ffe019ea000 	C:\WINDOWS\SYSTEM32\VERSION.dll
0x00007ffe06e00000 - 0x00007ffe0712c000 	C:\WINDOWS\System32\combase.dll
0x00007ffe06260000 - 0x00007ffe062de000 	C:\WINDOWS\System32\bcryptPrimitives.dll
0x00007ffe08ee0000 - 0x00007ffe08f0e000 	C:\WINDOWS\System32\IMM32.DLL
0x00007ffde9af0000 - 0x00007ffde9b06000 	C:\Program Files\Java\jdk-11.0.1\bin\vcruntime140.dll
0x00007ffdddb50000 - 0x00007ffdddbfa000 	C:\Program Files\Java\jdk-11.0.1\bin\msvcp140.dll
0x00007ffdbad70000 - 0x00007ffdbb8b2000 	C:\Program Files\Java\jdk-11.0.1\bin\server\jvm.dll
0x00007ffe067e0000 - 0x00007ffe067e8000 	C:\WINDOWS\System32\PSAPI.DLL
0x00007ffdf8e20000 - 0x00007ffdf8e44000 	C:\WINDOWS\SYSTEM32\WINMM.dll
0x00007ffe01720000 - 0x00007ffe01729000 	C:\WINDOWS\SYSTEM32\WSOCK32.dll
0x00007ffe08830000 - 0x00007ffe0889d000 	C:\WINDOWS\System32\WS2_32.dll
0x00007ffdf7bc0000 - 0x00007ffdf7bed000 	C:\WINDOWS\SYSTEM32\WINMMBASE.dll
0x00007ffe06210000 - 0x00007ffe0625a000 	C:\WINDOWS\System32\cfgmgr32.dll
0x00007ffe050d0000 - 0x00007ffe050e1000 	C:\WINDOWS\System32\kernel.appcore.dll
0x00007ffde8db0000 - 0x00007ffde8dc1000 	C:\Program Files\Java\jdk-11.0.1\bin\verify.dll
0x00007ffe00320000 - 0x00007ffe0050d000 	C:\WINDOWS\SYSTEM32\DBGHELP.DLL
0x00007ffe00200000 - 0x00007ffe0022a000 	C:\WINDOWS\SYSTEM32\dbgcore.DLL
0x00007ffde8d80000 - 0x00007ffde8da9000 	C:\Program Files\Java\jdk-11.0.1\bin\java.dll
0x00007ffde8c60000 - 0x00007ffde8c76000 	C:\Program Files\Java\jdk-11.0.1\bin\zip.dll
0x00007ffe016d0000 - 0x00007ffe016da000 	C:\Program Files\Java\jdk-11.0.1\bin\jimage.dll
0x00007ffe07190000 - 0x00007ffe08684000 	C:\WINDOWS\System32\SHELL32.dll
0x00007ffe08f20000 - 0x00007ffe08fc8000 	C:\WINDOWS\System32\shcore.dll
0x00007ffe05690000 - 0x00007ffe05ddd000 	C:\WINDOWS\System32\windows.storage.dll
0x00007ffe050f0000 - 0x00007ffe05114000 	C:\WINDOWS\System32\profapi.dll
0x00007ffe05120000 - 0x00007ffe0517d000 	C:\WINDOWS\System32\powrprof.dll
0x00007ffe07130000 - 0x00007ffe07182000 	C:\WINDOWS\System32\shlwapi.dll
0x00007ffe06050000 - 0x00007ffe06067000 	C:\WINDOWS\System32\cryptsp.dll
0x00007ffde4aa0000 - 0x00007ffde4ab9000 	C:\Program Files\Java\jdk-11.0.1\bin\net.dll
0x00007ffdff090000 - 0x00007ffdff182000 	C:\WINDOWS\SYSTEM32\WINHTTP.dll
0x00007ffe04920000 - 0x00007ffe04987000 	C:\WINDOWS\system32\mswsock.dll
0x00007ffde4a80000 - 0x00007ffde4a93000 	C:\Program Files\Java\jdk-11.0.1\bin\nio.dll
0x00007ffdd3dd0000 - 0x00007ffdd3f6f000 	C:\Program Files\Java\jdk-11.0.1\bin\awt.dll
0x00007ffe06530000 - 0x00007ffe065f4000 	C:\WINDOWS\System32\OLEAUT32.dll
0x00007ffe02640000 - 0x00007ffe02bfe000 	C:\WINDOWS\SYSTEM32\d2d1.dll
0x00007ffe03340000 - 0x00007ffe033cc000 	C:\WINDOWS\SYSTEM32\apphelp.dll
0x00007ffe03680000 - 0x00007ffe0371c000 	C:\WINDOWS\system32\uxtheme.dll
0x00007ffe086a0000 - 0x00007ffe0880c000 	C:\WINDOWS\System32\MSCTF.dll
0x00007ffe039d0000 - 0x00007ffe039fe000 	C:\WINDOWS\system32\dwmapi.dll
0x00007ffe05180000 - 0x00007ffe0535c000 	C:\WINDOWS\System32\CRYPT32.dll
0x00007ffe050b0000 - 0x00007ffe050c2000 	C:\WINDOWS\System32\MSASN1.dll
0x00007ffe06680000 - 0x00007ffe067d5000 	C:\WINDOWS\System32\ole32.dll
0x00007ffddd8a0000 - 0x00007ffddd920000 	C:\Program Files\Java\jdk-11.0.1\bin\freetype.dll
0x00007ffdddae0000 - 0x00007ffdddb4f000 	C:\Program Files\Java\jdk-11.0.1\bin\fontmanager.dll
0x00007ffdd4790000 - 0x00007ffdd48b7000 	C:\WINDOWS\system32\opengl32.dll
0x00007ffde32e0000 - 0x00007ffde330c000 	C:\WINDOWS\SYSTEM32\GLU32.dll
0x00007ffdf79f0000 - 0x00007ffdf7b8e000 	C:\WINDOWS\system32\d3d9.dll
0x00007ffdf5830000 - 0x00007ffdf591e000 	C:\WINDOWS\System32\DriverStore\FileRepository\nv_dispi.inf_amd64_547eeefb57db4499\nvldumdx.dll
0x00007ffe05630000 - 0x00007ffe05689000 	C:\WINDOWS\System32\WINTRUST.DLL
0x00007ffe08810000 - 0x00007ffe0882d000 	C:\WINDOWS\System32\imagehlp.dll
0x00007ffe044a0000 - 0x00007ffe044d3000 	C:\WINDOWS\system32\rsaenh.dll
0x00007ffe05360000 - 0x00007ffe05386000 	C:\WINDOWS\System32\bcrypt.dll
0x00007ffe04af0000 - 0x00007ffe04afc000 	C:\WINDOWS\SYSTEM32\CRYPTBASE.dll
0x00007ffdb7cf0000 - 0x00007ffdb918b000 	C:\WINDOWS\System32\DriverStore\FileRepository\nv_dispi.inf_amd64_547eeefb57db4499\nvd3dumx.dll
0x00007ffe03d60000 - 0x00007ffe03d82000 	C:\WINDOWS\SYSTEM32\gpapi.dll
0x00007ffdf7750000 - 0x00007ffdf777f000 	C:\WINDOWS\SYSTEM32\cryptnet.dll
0x00007ffe062e0000 - 0x00007ffe06382000 	C:\WINDOWS\System32\clbcatq.dll
0x00007ffdf6ef0000 - 0x00007ffdf70a8000 	C:\WINDOWS\SYSTEM32\WindowsCodecs.dll
0x00007ffdf2d00000 - 0x00007ffdf2d56000 	C:\WINDOWS\system32\dataexchange.dll
0x00007ffe02c00000 - 0x00007ffe02dc3000 	C:\WINDOWS\system32\dcomp.dll
0x00007ffe023c0000 - 0x00007ffe0263e000 	C:\WINDOWS\system32\d3d11.dll
0x00007ffe03de0000 - 0x00007ffe03ea2000 	C:\WINDOWS\system32\dxgi.dll
0x00007ffe03770000 - 0x00007ffe0397d000 	C:\WINDOWS\system32\twinapi.appcore.dll
0x00007ffe03980000 - 0x00007ffe039a8000 	C:\WINDOWS\system32\RMCLIENT.dll
0x00007ffdf9320000 - 0x00007ffdf93b5000 	C:\WINDOWS\System32\TextInputFramework.dll
0x00007ffdf6b00000 - 0x00007ffdf6e22000 	C:\WINDOWS\System32\CoreUIComponents.dll
0x00007ffe03130000 - 0x00007ffe03212000 	C:\WINDOWS\System32\CoreMessaging.dll
0x00007ffe04120000 - 0x00007ffe04151000 	C:\WINDOWS\SYSTEM32\ntmarta.dll
0x00007ffe012e0000 - 0x00007ffe01433000 	C:\WINDOWS\SYSTEM32\wintypes.dll
0x0000000071100000 - 0x0000000071125000 	C:\Users\lab\.jssc\windows\jSSC-2.8_x86_64.dll

dbghelp: loaded successfully - version: 4.0.5 - missing functions: none
symbol engine: initialized successfully - sym options: 0x614 - pdb path: .;C:\Program Files\Java\jdk-11.0.1\bin;C:\WINDOWS\SYSTEM32;C:\WINDOWS\WinSxS\amd64_microsoft.windows.common-controls_6595b64144ccf1df_6.0.17763.973_none_05b245900721eb81;C:\Program Files\Java\jdk-11.0.1\bin\server;C:\WINDOWS\System32\DriverStore\FileRepository\nv_dispi.inf_amd64_547eeefb57db4499;C:\Users\lab\.jssc\windows

VM Arguments:
java_command: C:\Users\lab\Desktop\Analizator parametrów sieci\UserInterface-EMx-v1.4\UserInterface-EMx-v1.4.jar
java_class_path (initial): C:\Users\lab\Desktop\Analizator parametrów sieci\UserInterface-EMx-v1.4\UserInterface-EMx-v1.4.jar
Launcher Type: SUN_STANDARD

[Global flags]
     intx CICompilerCount                          = 12                                        {product} {ergonomic}
     uint ConcGCThreads                            = 3                                         {product} {ergonomic}
     uint G1ConcRefinementThreads                  = 13                                        {product} {ergonomic}
   size_t G1HeapRegionSize                         = 2097152                                   {product} {ergonomic}
    uintx GCDrainStackTargetSize                   = 64                                        {product} {ergonomic}
   size_t InitialHeapSize                          = 536870912                                 {product} {ergonomic}
   size_t MarkStackSize                            = 4194304                                   {product} {ergonomic}
   size_t MaxHeapSize                              = 8573157376                                {product} {ergonomic}
   size_t MaxNewSize                               = 5142216704                                {product} {ergonomic}
   size_t MinHeapDeltaBytes                        = 2097152                                   {product} {ergonomic}
    uintx NonNMethodCodeHeapSize                   = 7591728                                {pd product} {ergonomic}
    uintx NonProfiledCodeHeapSize                  = 122033256                              {pd product} {ergonomic}
    uintx ProfiledCodeHeapSize                     = 122033256                              {pd product} {ergonomic}
    uintx ReservedCodeCacheSize                    = 251658240                              {pd product} {ergonomic}
     bool SegmentedCodeCache                       = true                                      {product} {ergonomic}
     bool UseCompressedClassPointers               = true                                 {lp64_product} {ergonomic}
     bool UseCompressedOops                        = true                                 {lp64_product} {ergonomic}
     bool UseG1GC                                  = true                                      {product} {ergonomic}
     bool UseLargePagesIndividualAllocation        = false                                  {pd product} {ergonomic}

Logging:
Log output configuration:
 #0: stdout all=warning uptime,level,tags
 #1: stderr all=off uptime,level,tags

Environment Variables:
PATH=C:\Program Files\Python37\Scripts\;C:\Program Files\Python37\;C:\WINDOWS\system32;C:\WINDOWS;C:\WINDOWS\System32\Wbem;C:\WINDOWS\System32\WindowsPowerShell\v1.0\;C:\WINDOWS\System32\OpenSSH\;C:\Program Files\MATLAB\R2017b\runtime\win64;C:\Program Files\MATLAB\R2017b\bin;C:\Program Files (x86)\NVIDIA Corporation\PhysX\Common;C:\Program Files\PuTTY\;C:\Program Files\Microsoft SQL Server\130\Tools\Binn\;C:\Program Files\dotnet\;%SystemRoot%\system32;%SystemRoot%;%SystemRoot%\System32\Wbem;%SYSTEMROOT%\System32\WindowsPowerShell\v1.0\;%SYSTEMROOT%\System32\OpenSSH\;C:\Program Files\NVIDIA Corporation\NVIDIA NGX;C:\Users\lab\AppData\Local\Microsoft\WindowsApps;
USERNAME=lab
OS=Windows_NT
PROCESSOR_IDENTIFIER=AMD64 Family 23 Model 8 Stepping 2, AuthenticAMD



---------------  S Y S T E M  ---------------

OS: Windows 10 , 64 bit Build 17763 (10.0.17763.475)

CPU:total 16 (initial active 16) (16 cores per cpu, 2 threads per core) family 23 model 8 stepping 2, cmov, cx8, fxsr, mmx, sse, sse2, sse3, ssse3, sse4.1, sse4.2, popcnt, avx, avx2, aes, clmul, mmxext, 3dnowpref, lzcnt, sse4a, ht, tsc, tscinvbit, tscinv, bmi1, bmi2, adx, sha, fma

Memory: 4k page, system-wide physical 32697M (27801M free)
TotalPageFile size 37561M (AvailPageFile size 29933M)
current process WorkingSet (physical memory assigned to process): 176M, peak: 192M
current process commit charge ("private bytes"): 760M, peak: 775M

vm_info: Java HotSpot(TM) 64-Bit Server VM (11.0.1+13-LTS) for windows-amd64 JRE (11.0.1+13-LTS), built on Oct  6 2018 13:20:16 by "mach5one" with MS VC++ 15.5 (VS2017)

END.
